<?xml version="1.0" encoding="UTF-8"?>
<beans xmlns="http://www.springframework.org/schema/beans"
       xmlns:xsi="http://www.w3.org/2001/XMLSchema-instance"
       xsi:schemaLocation="http://www.springframework.org/schema/beans
                           http://www.springframework.org/schema/beans/spring-beans-2.0.xsd">


    <!-- load the properties files -->

    <bean id="propertiesConfig"
          class="org.springframework.beans.factory.config.PropertyPlaceholderConfigurer">
        <property name="locations">
            <list>
                <value>jdbc.properties</value>
                <value>hibernate.properties</value>
            </list>
        </property>
    </bean>

    <!-- datasource -->

    <bean id="dataSource" class="org.apache.commons.dbcp.BasicDataSource"
          destroy-method="close">
        <property name="driverClassName" value="${database.driver}"/>
        <property name="url" value="${database.url}"/>
    </bean>

    <!-- session factory (spring) -->

    <bean id="sessionFactory"
          class="org.springframework.orm.hibernate3.LocalSessionFactoryBean">
        <property name="dataSource" ref="dataSource"/>
        <property name="configLocation" value="hibernate.cfg.xml"/>
        <property name="configurationClass" value="org.hibernate.cfg.AnnotationConfiguration"/>
        <property name="hibernateProperties">
            <props>
                <prop key="hibernate.dialect">${hibernate.dialect}</prop>
                <prop key="hibernate.hbm2ddl.auto">${hibernate.hbm2ddl.auto}</prop>
            </props>
        </property>
    </bean>

    <!-- hibernate template (spring) -->

    <bean id="hibernateTemplate"
          class="org.springframework.orm.hibernate3.HibernateTemplate">
        <property name="sessionFactory" ref="sessionFactory"/>
    </bean>

    <!-- transaction manager (spring) -->

    <bean id="transactionManager"
          class="org.springframework.orm.hibernate3.HibernateTransactionManager">
        <property name="dataSource" ref="dataSource"/>
        <property name="sessionFactory" ref="sessionFactory"/>
    </bean>


    <bean id="aclManager" class="net.crew_vre.authorization.acls.impl.GraphAclManagerImpl">
        <constructor-arg index="0" ref="hibernateTemplate"/>
    </bean>

    <bean id="jdbcTemplate" class="org.springframework.jdbc.core.JdbcTemplate">
        <constructor-arg index="0" ref="dataSource"/>
    </bean>

    <bean id="lookupManager" class="net.crew_vre.authorization.acls.impl.AclLookupManagerImpl">
        <constructor-arg index="0" ref="aclManager"/>
    </bean>

    <bean id="permissionResolver"
          class="net.crew_vre.authorization.acls.impl.PermissionResolverImpl">
        <constructor-arg index="0" ref="lookupManager"/>
    </bean>

    <bean id="gateKeeper" class="net.crew_vre.authorization.acls.impl.spring.GateKeeperImpl">
        <constructor-arg index="0" ref="permissionResolver"/>
    </bean>

    <bean id="domainObjectExitGuard"
          class="net.crew_vre.authorization.acls.impl.spring.DomainObjectExitGuard">
        <constructor-arg index="0" ref="gateKeeper"/>
    </bean>

</beans>